Starting registration processRegister API called with method: POSTRequest headers: {"Host":"localhost","Connection":"keep-alive","Content-Length":"75","sec-ch-ua-platform":"\"Windows\"","User-Agent":"Mozilla\/5.0 (Windows NT 10.0; Win64; x64) AppleWebKit\/537.36 (KHTML, like Gecko) Chrome\/135.0.0.0 Safari\/537.36","sec-ch-ua":"\"Google Chrome\";v=\"135\", \"Not-A.Brand\";v=\"8\", \"Chromium\";v=\"135\"","Content-Type":"application\/json","sec-ch-ua-mobile":"?0","Accept":"*\/*","Origin":"http:\/\/localhost:3000","Sec-Fetch-Site":"same-site","Sec-Fetch-Mode":"cors","Sec-Fetch-Dest":"empty","Referer":"http:\/\/localhost:3000\/","Accept-Encoding":"gzip, deflate, br, zstd","Accept-Language":"en-US,en;q=0.9,si;q=0.8","Cookie":"wink_trap_session=cbf9fr1l6jieo6ud32upci3q9t"}Raw request data: {"name":"uditha ramesh","email":"uditha@gmail.com","password":"Imesh2001@"}Decoded JSON data: Array
(
    [name] => uditha ramesh
    [email] => uditha@gmail.com
    [password] => Imesh2001@
)
Sanitized data - Name: uditha ramesh, Email: uditha@gmail.comPrepare insert statement failed: SQLSTATE[HY000]: General error: 1 no such function: NOWStarting registration processRegister API called with method: POSTRequest headers: {"Host":"localhost","Connection":"keep-alive","Content-Length":"75","sec-ch-ua-platform":"\"Windows\"","User-Agent":"Mozilla\/5.0 (Windows NT 10.0; Win64; x64) AppleWebKit\/537.36 (KHTML, like Gecko) Chrome\/135.0.0.0 Safari\/537.36","sec-ch-ua":"\"Google Chrome\";v=\"135\", \"Not-A.Brand\";v=\"8\", \"Chromium\";v=\"135\"","Content-Type":"application\/json","sec-ch-ua-mobile":"?0","Accept":"*\/*","Origin":"http:\/\/localhost:3000","Sec-Fetch-Site":"same-site","Sec-Fetch-Mode":"cors","Sec-Fetch-Dest":"empty","Referer":"http:\/\/localhost:3000\/","Accept-Encoding":"gzip, deflate, br, zstd","Accept-Language":"en-US,en;q=0.9,si;q=0.8","Cookie":"wink_trap_session=cbf9fr1l6jieo6ud32upci3q9t"}Raw request data: {"name":"uditha ramesh","email":"uditha@gmail.com","password":"Imesh2001@"}Decoded JSON data: Array
(
    [name] => uditha ramesh
    [email] => uditha@gmail.com
    [password] => Imesh2001@
)
Sanitized data - Name: uditha ramesh, Email: uditha@gmail.comPrepare insert statement failed: SQLSTATE[HY000]: General error: 1 no such function: NOWStarting registration processRegister API called with method: POSTRequest headers: {"Host":"localhost","Connection":"keep-alive","Content-Length":"75","sec-ch-ua-platform":"\"Windows\"","User-Agent":"Mozilla\/5.0 (Windows NT 10.0; Win64; x64) AppleWebKit\/537.36 (KHTML, like Gecko) Chrome\/135.0.0.0 Safari\/537.36","sec-ch-ua":"\"Google Chrome\";v=\"135\", \"Not-A.Brand\";v=\"8\", \"Chromium\";v=\"135\"","Content-Type":"application\/json","sec-ch-ua-mobile":"?0","Accept":"*\/*","Origin":"http:\/\/localhost:3000","Sec-Fetch-Site":"same-site","Sec-Fetch-Mode":"cors","Sec-Fetch-Dest":"empty","Referer":"http:\/\/localhost:3000\/","Accept-Encoding":"gzip, deflate, br, zstd","Accept-Language":"en-US,en;q=0.9,si;q=0.8","Cookie":"wink_trap_session=cbf9fr1l6jieo6ud32upci3q9t"}Raw request data: {"name":"uditha ramesh","email":"uditha@gmail.com","password":"Imesh2001@"}Decoded JSON data: Array
(
    [name] => uditha ramesh
    [email] => uditha@gmail.com
    [password] => Imesh2001@
)
Sanitized data - Name: uditha ramesh, Email: uditha@gmail.comPrepare insert statement failed: SQLSTATE[HY000]: General error: 1 no such function: NOWStarting registration processRegister API called with method: POSTRequest headers: {"Host":"localhost","Connection":"keep-alive","Content-Length":"75","sec-ch-ua-platform":"\"Windows\"","User-Agent":"Mozilla\/5.0 (Windows NT 10.0; Win64; x64) AppleWebKit\/537.36 (KHTML, like Gecko) Chrome\/135.0.0.0 Safari\/537.36","sec-ch-ua":"\"Google Chrome\";v=\"135\", \"Not-A.Brand\";v=\"8\", \"Chromium\";v=\"135\"","Content-Type":"application\/json","sec-ch-ua-mobile":"?0","Accept":"*\/*","Origin":"http:\/\/localhost:3000","Sec-Fetch-Site":"same-site","Sec-Fetch-Mode":"cors","Sec-Fetch-Dest":"empty","Referer":"http:\/\/localhost:3000\/","Accept-Encoding":"gzip, deflate, br, zstd","Accept-Language":"en-US,en;q=0.9,si;q=0.8","Cookie":"wink_trap_session=cbf9fr1l6jieo6ud32upci3q9t"}Raw request data: {"name":"uditha ramesh","email":"uditha@gmail.com","password":"Imesh2001@"}Decoded JSON data: Array
(
    [name] => uditha ramesh
    [email] => uditha@gmail.com
    [password] => Imesh2001@
)
Sanitized data - Name: uditha ramesh, Email: uditha@gmail.comUser created with ID: 2Sending success response: {"success":true,"message":"Registration successful","user":{"id":"2","name":"uditha ramesh","email":"uditha@gmail.com"},"token":"f530607faa1f1f8ecc479a5ba05056b5812da122d965bb851ef07f40eaca8439"}